<?xml version="1.0" encoding="utf-8"?><testsuites name="pytest tests"><testsuite name="pytest" errors="0" failures="1" skipped="0" tests="22" time="1.731" timestamp="2026-09-07T01:58:38.466284+00:00" hostname="agent-env-88684646-9aee-4728-8a52-a60aa0528ff9"><testcase classname="tests.backend_test.TestOrders" name="test_create_order_and_get" time="0.388" /><testcase classname="tests.backend_test.TestProducts" name="test_root" time="0.312" /><testcase classname="tests.backend_test.TestProducts" name="test_list_products" time="0.097" /><testcase classname="tests.backend_test.TestOrders" name="test_order_case_pricing" time="0.117"><failure message="assert 12.0 == 0.0">backend/tests/backend_test.py:198: in test_order_case_pricing
    assert d["shipping_cost"] == 0.0
E   assert 12.0 == 0.0</failure></testcase><testcase classname="tests.backend_test.TestProducts" name="test_products_meta" time="0.065" /><testcase classname="tests.backend_test.TestProducts" name="test_get_product_by_slug" time="0.065" /><testcase classname="tests.backend_test.TestOrders" name="test_order_expedited_shipping" time="0.077" /><testcase classname="tests.backend_test.TestProducts" name="test_get_product_404" time="0.063" /><testcase classname="tests.backend_test.TestOrders" name="test_order_pickup_free" time="0.078" /><testcase classname="tests.backend_test.TestProducts" name="test_filter_by_material" time="0.066" /><testcase classname="tests.backend_test.TestProducts" name="test_filter_by_industry" time="0.066" /><testcase classname="tests.backend_test.TestOrders" name="test_order_out_of_stock_size" time="0.067" /><testcase classname="tests.backend_test.TestProducts" name="test_filter_by_brand" time="0.067" /><testcase classname="tests.backend_test.TestOrders" name="test_order_unknown_product" time="0.110" /><testcase classname="tests.backend_test.TestProducts" name="test_sort_price_asc" time="0.069" /><testcase classname="tests.backend_test.TestOrders" name="test_get_order_404" time="0.069" /><testcase classname="tests.backend_test.TestProducts" name="test_sort_price_desc" time="0.066" /><testcase classname="tests.backend_test.TestQuotes" name="test_create_quote" time="0.104" /><testcase classname="tests.backend_test.TestProducts" name="test_search" time="0.064" /><testcase classname="tests.backend_test.TestProducts" name="test_filter_by_size" time="0.062" /><testcase classname="tests.backend_test.TestQuotes" name="test_create_quote_invalid_email" time="0.063" /><testcase classname="tests.backend_test.TestContact" name="test_create_contact" time="0.101" /></testsuite></testsuites>